<?xml version="1.0" encoding="UTF-8"?>
<testng-results ignored="0" total="1" passed="1" failed="0" skipped="0">
  <reporter-output>
  </reporter-output>
  <suite started-at="2023-04-12T16:14:59 IST" name="Default suite" finished-at="2023-04-12T16:15:14 IST" duration-ms="14562">
    <groups>
    </groups>
    <test started-at="2023-04-12T16:14:59 IST" name="Default test" finished-at="2023-04-12T16:15:14 IST" duration-ms="14562">
      <class name="com.bridgelabz.qa.POM.PageTests.SignupPage_Test">
        <test-method signature="signupWithKeywordDriven()[pri:0, instance:com.bridgelabz.qa.POM.PageTests.SignupPage_Test@2f19f2aa]" started-at="2023-04-12T16:14:59 IST" name="signupWithKeywordDriven" finished-at="2023-04-12T16:15:14 IST" duration-ms="14387" status="PASS">
          <reporter-output>
          </reporter-output>
        </test-method> <!-- signupWithKeywordDriven -->
      </class> <!-- com.bridgelabz.qa.POM.PageTests.SignupPage_Test -->
    </test> <!-- Default test -->
  </suite> <!-- Default suite -->
</testng-results>
